Log file open, 11/26/16 19:31:01
LogInit:Display: Running engine for game: BoardGame_Project
LogPlatformFile: Not using cached read wrapper
LogInit:Display: RandInit(-1677408484) SRandInit(-1677408483).
LogTaskGraph: Started task graph with 4 named threads and 7 total threads with 1 sets of task threads.
LogStats: Stats thread started at 0.065315
LogInit: Version: 4.12.5-3039270+++UE4+Release-4.12
LogInit: API Version: 2992821
LogInit: Net Version: 3039270
LogDevObjectVersion: Number of dev versions registered: 13
LogDevObjectVersion:   Dev-Blueprints (B0D832E4-1F89-4F0D-ACCF-7EB736FD4AA2): 3
LogDevObjectVersion:   Dev-Build (E1C64328-A22C-4D53-A36C-8E866417BD8C): 0
LogDevObjectVersion:   Dev-Core (375EC13C-06E4-48FB-B500-84F0262A717E): 1
LogDevObjectVersion:   Dev-Editor (E4B068ED-F494-42E9-A231-DA0B2E46BB41): 2
LogDevObjectVersion:   Dev-Framework (CFFC743F-43B0-4480-9391-14DF171D2073): 6
LogDevObjectVersion:   Dev-Mobile (B02B49B5-BB20-44E9-A304-32B752E40360): 0
LogDevObjectVersion:   Dev-Networking (A4E4105C-59A1-49B5-A7C5-40C4547EDFEE): 0
LogDevObjectVersion:   Dev-Online (39C831C9-5AE6-47DC-9A44-9C173E1C8E7C): 0
LogDevObjectVersion:   Dev-Physics (78F01B33-EBEA-4F98-B9B4-84EACCB95AA2): 0
LogDevObjectVersion:   Dev-Platform (6631380F-2D4D-43E0-8009-CF276956A95A): 0
LogDevObjectVersion:   Dev-Rendering (12F88B9F-8875-4AFC-A67C-D90C383ABD29): 2
LogDevObjectVersion:   Dev-Sequencer (7B5AE74C-D270-4C10-A958-57980B212A5A): 0
LogDevObjectVersion:   Dev-VR (D7296918-1DD6-4BDD-9DE2-64A83CC13884): 0
LogInit: Compiled (64-bit): Jul  6 2016 09:09:46
LogInit: Compiled with Visual C++: 19.00.23026.00
LogInit: Build Configuration: Development
LogInit: Branch Name: ++UE4+Release-4.12
LogInit: Command line: 
LogInit: Base directory: D:/General Stuff/Unreal Engine/4.12/Engine/Binaries/Win64/
LogInit: Installed Engine Build: 1
LogInit: Using libcurl 7.41.0
LogInit:  - built for x86_64-pc-win32
LogInit:  - supports SSL with WinSSL
LogInit:  - other features:
LogInit:      CURL_VERSION_SSL
LogInit:      CURL_VERSION_IPV6
LogInit:      CURL_VERSION_ASYNCHDNS
LogInit:      CURL_VERSION_LARGEFILE
LogInit:      CURL_VERSION_IDN
LogInit:  CurlRequestOptions (configurable via config and command line):
LogInit:  - bVerifyPeer = true  - Libcurl will verify peer certificate
LogInit:  - bUseHttpProxy = false  - Libcurl will NOT use HTTP proxy
LogInit:  - bDontReuseConnections = false  - Libcurl will reuse connections
LogInit:  - CertBundlePath = nullptr  - Libcurl will use whatever was configured at build time.
LogInit: Presizing for max 8388607 objects, including 0 objects not considered by GC, pre-allocating 0 bytes for permanent pool.
LogInit: Object subsystem initialized
[2016.11.26-08.31.01:297][  0]LogInit: Selected Device Profile: [Windows]
[2016.11.26-08.31.01:297][  0]LogInit: Applying CVar settings loaded from the selected device profile: [Windows]
[2016.11.26-08.31.01:309][  0]LogInit: Computer: MASTERCHRIS-PC
[2016.11.26-08.31.01:309][  0]LogInit: User: MasterChris
[2016.11.26-08.31.01:309][  0]LogInit: CPU Page size=65536, Cores=4
[2016.11.26-08.31.01:309][  0]LogInit: High frequency timer resolution =3.428085 MHz
[2016.11.26-08.31.01:309][  0]LogMemory: Memory total: Physical=31.9GB (32GB approx)
[2016.11.26-08.31.01:309][  0]LogMemory: Platform Memory Stats for Windows
[2016.11.26-08.31.01:309][  0]LogMemory: Process Physical Memory: 191.10 MB used, 191.10 MB peak
[2016.11.26-08.31.01:309][  0]LogMemory: Process Virtual Memory: 196.89 MB used, 196.89 MB peak
[2016.11.26-08.31.01:309][  0]LogMemory: Physical Memory: 12348.91 MB used, 32711.16 MB total
[2016.11.26-08.31.01:309][  0]LogMemory: Virtual Memory: 522.95 MB used, 8388608.00 MB total
[2016.11.26-08.31.01:341][  0]LogTextLocalizationManager: No specific translations for ('en-US') exist, so ('en') translations will be used.
[2016.11.26-08.31.01:736][  0]LogD3D11RHI: D3D11 adapters:
[2016.11.26-08.31.01:757][  0]LogD3D11RHI:    0. 'NVIDIA GeForce GTX 680' (Feature Level 11_0)
[2016.11.26-08.31.01:758][  0]LogD3D11RHI:       1989/0/2048 MB DedicatedVideo/DedicatedSystem/SharedSystem, Outputs:2, VendorId:0x10de
[2016.11.26-08.31.01:758][  0]LogD3D11RHI: Chosen D3D11 Adapter: 0
[2016.11.26-08.31.01:764][  0]LogD3D11RHI: Creating new Direct3DDevice
[2016.11.26-08.31.01:765][  0]LogD3D11RHI:     GPU DeviceId: 0x1180 (for the marketing name, search the web for "GPU Device Id")
[2016.11.26-08.31.01:765][  0]LogWindows: EnumDisplayDevices:
[2016.11.26-08.31.01:766][  0]LogWindows:    0. 'NVIDIA GeForce GTX 680' (P:0 D:1)
[2016.11.26-08.31.01:767][  0]LogWindows:    1. 'NVIDIA GeForce GTX 680' (P:1 D:1)
[2016.11.26-08.31.01:768][  0]LogWindows:    2. 'NVIDIA GeForce GTX 680' (P:0 D:0)
[2016.11.26-08.31.01:769][  0]LogWindows:    3. 'NVIDIA GeForce GTX 680' (P:0 D:0)
[2016.11.26-08.31.01:769][  0]LogWindows:    4. 'RDPDD Chained DD' (P:0 D:0)
[2016.11.26-08.31.01:770][  0]LogWindows:    5. 'RDP Encoder Mirror Driver' (P:0 D:0)
[2016.11.26-08.31.01:771][  0]LogWindows:    6. 'RDP Reflector Display Driver' (P:0 D:0)
[2016.11.26-08.31.01:771][  0]LogWindows: DebugString: GetVideoDriverDetailsInvalid PrimaryIsNotTheChoosenAdapter GetVideoDriverDetailsInvalid PrimaryIsNotTheChoosenAdapter GetVideoDriverDetailsInvalid PrimaryIsNotTheChoosenAdapter FoundDriverCount:4 
[2016.11.26-08.31.01:771][  0]LogD3D11RHI:     Adapter Name: NVIDIA GeForce GTX 680
[2016.11.26-08.31.01:771][  0]LogD3D11RHI:   Driver Version: 358.91 (internal:10.18.13.5891, unified:358.91)
[2016.11.26-08.31.01:771][  0]LogD3D11RHI:      Driver Date: 11-5-2015
[2016.11.26-08.31.01:771][  0]LogRHI: Texture pool is 1361 MB (70% of 1945 MB)
[2016.11.26-08.31.01:779][  0]LogD3D11RHI: Async texture creation enabled
[2016.11.26-08.31.01:793][  0]LogD3D11RHI: GPU Timing Frequency: 1000.000000 (Debug: 2 2)
[2016.11.26-08.31.01:793][  0]LogShaderCompilers: Guid format shader working directory is -17 characters bigger than the processId version (C:/Users/Master Chris/Documents/Unreal Projects/BoardGame_Project/Intermediate/Shaders/WorkingDirectory/31632/).
[2016.11.26-08.31.01:793][  0]LogShaderCompilers: Cleaned the shader compiler working directory 'C:/Users/MASTER~1/AppData/Local/Temp/UnrealShaderWorkingDir/AEB37D7A47214F7DB81DCE8010D1FE12/'.
[2016.11.26-08.31.01:793][  0]LogShaderCompilers:Display: Using Local Shader Compiler.
[2016.11.26-08.31.02:636][  0]LogTemp:Display: Loaded TP AllDesktopTargetPlatform
[2016.11.26-08.31.02:645][  0]LogTemp:Display: Loaded TP WindowsClientTargetPlatform
[2016.11.26-08.31.02:654][  0]LogTemp:Display: Loaded TP WindowsNoEditorTargetPlatform
[2016.11.26-08.31.02:664][  0]LogTemp:Display: Loaded TP WindowsServerTargetPlatform
[2016.11.26-08.31.02:675][  0]LogTemp:Display: Loaded TP WindowsTargetPlatform
[2016.11.26-08.31.02:683][  0]LogTemp:Display: Loaded TP AndroidTargetPlatform
[2016.11.26-08.31.02:691][  0]LogTemp:Display: Loaded TP Android_ASTCTargetPlatform
[2016.11.26-08.31.02:699][  0]LogTemp:Display: Loaded TP Android_ATCTargetPlatform
[2016.11.26-08.31.02:708][  0]LogTemp:Display: Loaded TP Android_DXTTargetPlatform
[2016.11.26-08.31.02:716][  0]LogTemp:Display: Loaded TP Android_ETC1TargetPlatform
[2016.11.26-08.31.02:724][  0]LogTemp:Display: Loaded TP Android_ETC2TargetPlatform
[2016.11.26-08.31.02:741][  0]LogTemp:Display: Loaded TP Android_MultiTargetPlatform
[2016.11.26-08.31.02:741][  0]LogTemp:Display: Loaded TP Android_PVRTCTargetPlatform
[2016.11.26-08.31.02:741][  0]LogTemp:Display: Loaded TP HTML5TargetPlatform
[2016.11.26-08.31.02:762][  0]LogTemp:Display: Loaded TP IOSTargetPlatform
[2016.11.26-08.31.02:769][  0]LogTemp:Display: Loaded TP TVOSTargetPlatform
[2016.11.26-08.31.02:777][  0]LogTemp:Display: Loaded TP LinuxNoEditorTargetPlatform
[2016.11.26-08.31.02:785][  0]LogTemp:Display: Loaded TP LinuxServerTargetPlatform
[2016.11.26-08.31.02:794][  0]LogTemp:Display: Loaded TP LinuxTargetPlatform
[2016.11.26-08.31.02:794][  0]LogTargetPlatformManager:Display: Building Assets For Windows
[2016.11.26-08.31.02:851][  0]LogDerivedDataCache:Display: Max Cache Size: 512 MB
[2016.11.26-08.31.02:908][  0]LogDerivedDataCache: Loaded boot cache 0.06s 48MB C:/Users/Master Chris/AppData/Local/UnrealEngine/4.12/DerivedDataCache/Boot.ddc.
[2016.11.26-08.31.02:908][  0]LogDerivedDataCache:Display: Loaded Boot cache: C:/Users/Master Chris/AppData/Local/UnrealEngine/4.12/DerivedDataCache/Boot.ddc
[2016.11.26-08.31.02:908][  0]LogDerivedDataCache: FDerivedDataBackendGraph:  Pak pak cache file C:/Users/Master Chris/Documents/Unreal Projects/BoardGame_Project/DerivedDataCache/DDC.ddp not found, will not use a pak cache.
[2016.11.26-08.31.02:908][  0]LogDerivedDataCache: Unable to find inner node Pak for hierarchical cache Hierarchy.
[2016.11.26-08.31.02:908][  0]LogDerivedDataCache: FDerivedDataBackendGraph:  CompressedPak pak cache file C:/Users/Master Chris/Documents/Unreal Projects/BoardGame_Project/DerivedDataCache/Compressed.ddp not found, will not use a pak cache.
[2016.11.26-08.31.02:908][  0]LogDerivedDataCache: Unable to find inner node CompressedPak for hierarchical cache Hierarchy.
[2016.11.26-08.31.02:926][  0]LogDerivedDataCache:Display: Pak cache opened for reading ../../../Engine/DerivedDataCache/Compressed.ddp.
[2016.11.26-08.31.02:939][  0]LogDerivedDataCache: Using Local data cache path C:/Users/Master Chris/AppData/Local/UnrealEngine/Common/DerivedDataCache: Writable
[2016.11.26-08.31.03:120][  0]LogInit: Selected Device Profile: [Windows]
[2016.11.26-08.31.03:120][  0]LogContentStreaming: Texture pool size is 0.00 MB
[2016.11.26-08.31.03:274][  0]LogMeshUtilities: No automatic mesh reduction module available
[2016.11.26-08.31.03:274][  0]LogMeshUtilities: No automatic mesh merging module available
[2016.11.26-08.31.03:274][  0]LogMeshUtilities: No distributed automatic mesh merging module available
[2016.11.26-08.31.03:503][  0]LogAssetRegistry: FAssetRegistry took 0.0204 seconds to start up
[2016.11.26-08.31.03:538][  0]LogPackageLocalizationCache: Processed 3 localized package path(s) for 2 prioritized culture(s) in 0.033112 seconds
[2016.11.26-08.31.03:542][  0]LogUObjectArray: 28739 objects as part of root set at end of initial load.
[2016.11.26-08.31.03:543][  0]LogUObjectAllocator: 5855624 out of 0 bytes used by permanent object pool.
[2016.11.26-08.31.03:543][  0]LogUObjectArray: CloseDisregardForGC: 0/0 objects in disregard for GC pool
[2016.11.26-08.31.03:547][  0]LogInit: WinSock: version 1.1 (2.2), MaxSocks=32767, MaxUdp=65467
[2016.11.26-08.31.03:690][  0]LogSlate: SlateFontCache - WITH_FREETYPE: 1, WITH_HARFBUZZ: 1
[2016.11.26-08.31.03:691][  0]LogSlate: SlateFontCache - WITH_FREETYPE: 1, WITH_HARFBUZZ: 1
[2016.11.26-08.31.04:245][  0]LogUdpMessaging: Initializing bridge on interface 0.0.0.0:0 to multicast group 230.0.0.1:6666.
[2016.11.26-08.31.04:430][  0]SourceControl: Info Source control is disabled
[2016.11.26-08.31.04:431][  0]SourceControl: Info Source control is disabled
[2016.11.26-08.31.04:436][  0]SourceControl: Info Source control is disabled
[2016.11.26-08.31.04:442][  0]SourceControl: Info Source control is disabled
[2016.11.26-08.31.04:592][  0]LogEngine: Initializing Engine...
[2016.11.26-08.31.04:592][  0]LogHMD: SteamVR failed to initialize.  Err: 110
[2016.11.26-08.31.04:593][  0]LogHMD: SteamVR failed to initialize.  Err: 110
[2016.11.26-08.31.04:720][  0]LogAIModule: Creating AISystem for world NewWorld
[2016.11.26-08.31.04:729][  0]LogInit: XAudio2 using 'Speakers (Realtek High Definition Audio)' : 2 channels at 48 kHz using 32 bits per sample (channel mask 0x3)
[2016.11.26-08.31.04:758][  0]LogInit: FAudioDevice initialized.
[2016.11.26-08.31.04:783][  0]LogDerivedDataCache: Saved boot cache 0.02s 48MB C:/Users/Master Chris/AppData/Local/UnrealEngine/4.12/DerivedDataCache/Boot.ddc.
[2016.11.26-08.31.04:788][  0]LogInit: Texture streaming: Enabled
[2016.11.26-08.31.04:809][  0]LogInit: Transaction tracking system initialized
[2016.11.26-08.31.04:825][  0]BlueprintLog: New page: Editor Load
[2016.11.26-08.31.04:953][  0]LocalizationService: Info Localization service is disabled
[2016.11.26-08.31.04:998][  0]LogConsoleResponse:Display: 
[2016.11.26-08.31.05:085][  0]LogCook:Display: Max memory allowance for cook 8192mb
[2016.11.26-08.31.05:085][  0]LogCook:Display: Mobile HDR setting 1
[2016.11.26-08.31.05:150][  0]LogFileCache: Scanning file cache for directory 'C:/Users/Master Chris/Documents/Unreal Projects/BoardGame_Project/Content/' took 0.01s
[2016.11.26-08.31.05:150][  0]SourceControl: Info Source control is disabled
[2016.11.26-08.31.05:150][  0]Cmd: MAP LOAD FILE="C:/Users/Master Chris/Documents/Unreal Projects/BoardGame_Project/Content/MobileStarterContent/Maps/Minimal_Default.umap" TEMPLATE=0 SHOWPROGRESS=1 FEATURELEVEL=3
[2016.11.26-08.31.05:150][  0]LightingResults: New page: Lighting Build
[2016.11.26-08.31.05:152][  0]MapCheck: New page: Map Check
[2016.11.26-08.31.05:152][  0]LightingResults: New page: Lighting Build
[2016.11.26-08.31.05:452][  0]LogAIModule: Creating AISystem for world Minimal_Default
[2016.11.26-08.31.05:458][  0]LogEditorServer: Finished looking for orphan Actors (0.000 secs)
[2016.11.26-08.31.05:469][  0]Cmd: MAP CHECKDEP NOCLEARLOG
[2016.11.26-08.31.05:497][  0]MapCheck: Info Map check complete: 0 Error(s), 0 Warning(s), took 28.269ms to complete.
[2016.11.26-08.31.05:497][  0]LogFileHelpers: Loading map 'Minimal_Default' took 0.347
[2016.11.26-08.31.05:632][  0]LogCollectionManager: Loaded 0 collections in 0.001377 seconds
[2016.11.26-08.31.05:674][  0]LogFileCache: Scanning file cache for directory 'C:/Users/Master Chris/Documents/Unreal Projects/BoardGame_Project/Saved/Collections/' took 0.01s
[2016.11.26-08.31.05:674][  0]LogFileCache: Scanning file cache for directory 'C:/Users/Master Chris/Documents/Unreal Projects/BoardGame_Project/Content/Developers/MasterChris/Collections/' took 0.01s
[2016.11.26-08.31.05:674][  0]LogFileCache: Scanning file cache for directory 'C:/Users/Master Chris/Documents/Unreal Projects/BoardGame_Project/Content/Collections/' took 0.01s
[2016.11.26-08.31.05:674][  0]LogCollectionManager: Rebuilt the GUID cache for 0 collections in 0.000003 seconds
[2016.11.26-08.31.05:682][  0]LogContentBrowser: Native class hierarchy populated in 0.0079 seconds. Added 2047 classes and 369 folders.
[2016.11.26-08.31.05:686][  0]LogStats: UGameplayTagsManager::ConstructGameplayTagTree: Construct from data asset -  0.000 s
[2016.11.26-08.31.05:686][  0]LogStats: UGameplayTagsManager::ConstructGameplayTagTree: GameplayTagTreeChangedEvent.Broadcast -  0.000 s
[2016.11.26-08.31.05:686][  0]LogContentBrowser: Native class hierarchy updated for 'GameplayTags' in 0.0004 seconds. Added 12 classes and 0 folders.
[2016.11.26-08.31.05:689][  0]LogContentBrowser: Native class hierarchy updated for 'WidgetCarousel' in 0.0003 seconds. Added 0 classes and 0 folders.
[2016.11.26-08.31.05:795][  0]LogContentBrowser: Native class hierarchy updated for 'AddContentDialog' in 0.0004 seconds. Added 0 classes and 0 folders.
[2016.11.26-08.31.05:804][  0]LogContentBrowser: Native class hierarchy updated for 'SceneOutliner' in 0.0004 seconds. Added 1 classes and 2 folders.
[2016.11.26-08.31.05:847][  0]LogCrashTracker: Crashtracker disabled due to settings.
[2016.11.26-08.31.05:851][  0]LogUObjectGlobals:Warning: Failed to find object 'Class None.'
[2016.11.26-08.31.05:874][  0]LogContentBrowser: Native class hierarchy updated for 'HierarchicalLODOutliner' in 0.0004 seconds. Added 1 classes and 2 folders.
[2016.11.26-08.31.05:875][  0]LogLoad: Full Startup: 5.20 seconds (BP compile: 0.04 seconds)
[2016.11.26-08.31.05:875][  0]LogExternalProfiler: No external profilers were discovered.  External profiling features will not be available.
[2016.11.26-08.31.05:884][  0]LogOcInput: OculusInput pre-init called
[2016.11.26-08.31.05:904][  0]LogContentStreaming: Texture pool size now 700 MB
[2016.11.26-08.31.06:052][  0]LogRenderer: Reallocating scene render targets to support 1208x576 (Frame:2).
[2016.11.26-08.31.06:152][  1]LogAssetRegistry: Asset discovery search completed in 2.6700 seconds
[2016.11.26-08.31.06:152][  1]LogCollectionManager: Rebuilt the object cache for 0 collections in 0.000001 seconds (found 0 objects)
[2016.11.26-08.31.06:152][  1]LogCollectionManager: Fixed up redirectors for 0 collections in 0.000020 seconds (updated 0 objects)
[2016.11.26-08.31.11:368][578]LogAIModule: Creating AISystem for world BoardGameLevel
[2016.11.26-08.31.11:387][578]Cmd: MAP LOAD FILE="C:/Users/Master Chris/Documents/Unreal Projects/BoardGame_Project/Content/Board_Game/Level/BoardGameLevel.umap" TEMPLATE=0 SHOWPROGRESS=1 FEATURELEVEL=3
[2016.11.26-08.31.11:387][578]LightingResults: New page: Lighting Build
[2016.11.26-08.31.11:387][578]LoadErrors: New page: Loading map: BoardGameLevel.umap
[2016.11.26-08.31.11:388][578]MapCheck: New page: Map Check
[2016.11.26-08.31.11:388][578]LightingResults: New page: Lighting Build
[2016.11.26-08.31.11:472][578]LogEditorServer: Finished looking for orphan Actors (0.000 secs)
[2016.11.26-08.31.11:489][578]Cmd: MAP CHECKDEP NOCLEARLOG
[2016.11.26-08.31.11:517][578]MapCheck: Info Map check complete: 0 Error(s), 0 Warning(s), took 28.538ms to complete.
[2016.11.26-08.31.11:517][578]LogFileHelpers: Loading map 'BoardGameLevel' took 0.131
[2016.11.26-08.31.22:406][852]LogSavePackage: Save=17.92ms
[2016.11.26-08.31.22:406][852]LogSavePackage: Moving 'C:/Users/Master Chris/Documents/Unreal Projects/BoardGame_Project/Saved/BoardGameLevel29A6F2FB496EF9EC6FCB05ACE3480FE4.tmp' to 'C:/Users/Master Chris/Documents/Unreal Projects/BoardGame_Project/Content/Board_Game/Level/BoardGameLevel.umap'
[2016.11.26-08.31.22:409][852]LogSavePackage:Display: Finished SavePackage C:/Users/Master Chris/Documents/Unreal Projects/BoardGame_Project/Content/Board_Game/Level/BoardGameLevel.umap
[2016.11.26-08.31.37:393][577]Cmd: DELETE
[2016.11.26-08.31.37:393][577]Cmd: ACTOR DELETE
[2016.11.26-08.31.37:394][577]LogEditorActor: Deleted Actor: Actor
[2016.11.26-08.31.37:401][577]LogEditorActor: Deleted 1 Actors (0.007 secs)
[2016.11.26-08.31.38:670][690]LogActorFactory: Actor Factory created Cube
[2016.11.26-08.31.39:800][823]LogActorFactory: Actor Factory created Cube
[2016.11.26-08.31.42:132][100]LogEditorViewport: Clicking on Actor (LMB): StaticMeshActor (Cube)
[2016.11.26-08.31.45:377][459]LogEditorViewport: Clicking on Actor (LMB): StaticMeshActor (Cube)
[2016.11.26-08.31.45:453][467]LogEditorViewport: Clicking on Component (LMB): StaticMeshComponent (StaticMeshComponent0)
[2016.11.26-08.31.49:186][863]Cmd: UpdateLandscapeSetup
[2016.11.26-08.31.52:125][184]Cmd: UpdateLandscapeSetup
[2016.11.26-08.31.53:555][340]Cmd: UpdateLandscapeSetup
[2016.11.26-08.31.56:035][617]Cmd: UpdateLandscapeSetup
[2016.11.26-08.31.56:593][669]Cmd: UpdateLandscapeSetup
[2016.11.26-08.32.01:528][166]Cmd: TRANSACTION UNDO
[2016.11.26-08.32.01:528][166]LogEditorTransaction: Undo Edit Enable World Composition
[2016.11.26-08.32.01:787][191]Cmd: TRANSACTION UNDO
[2016.11.26-08.32.01:787][191]LogEditorTransaction: Undo Edit Enable World Composition
[2016.11.26-08.32.02:002][203]Cmd: TRANSACTION UNDO
[2016.11.26-08.32.02:002][203]LogEditorTransaction: Undo Edit Global DistanceField View Distance
[2016.11.26-08.32.02:276][226]Cmd: TRANSACTION UNDO
[2016.11.26-08.32.02:276][226]LogEditorTransaction: Undo Edit Default Max DistanceField Occlusion Distance
[2016.11.26-08.32.02:586][252]Cmd: TRANSACTION UNDO
[2016.11.26-08.32.02:586][252]LogEditorTransaction: Undo Edit Kill Z
[2016.11.26-08.37.54:771][879]LogFactory: FactoryCreateFile: StaticMesh with FbxFactory (0 0 C:/Users/Master Chris/Desktop/Game Design/Objects/Dice.FBX)
[2016.11.26-08.37.54:922][879]LogFbx: ItemName: GlobalSettings, ItemCount : 1
[2016.11.26-08.37.54:922][879]LogFbx: ItemName: AnimationStack, ItemCount : 1
[2016.11.26-08.37.54:922][879]LogFbx: ItemName: AnimationLayer, ItemCount : 1
[2016.11.26-08.37.54:922][879]LogFbx: ItemName: Model, ItemCount : 1
[2016.11.26-08.37.54:922][879]LogFbx: ItemName: Geometry, ItemCount : 1
[2016.11.26-08.37.54:922][879]LogFbx: ItemName: Material, ItemCount : 2
[2016.11.26-08.37.54:968][879]LogFbx: Loading FBX Scene from C:/Users/Master Chris/Desktop/Game Design/Objects/Dice.FBX
[2016.11.26-08.37.55:009][879]LogFbx: FBX Scene Loaded Succesfully
[2016.11.26-08.39.11:182][879]LogFbx: Loading FBX Scene from C:/Users/Master Chris/Desktop/Game Design/Objects/Dice.FBX
[2016.11.26-08.39.11:192][879]LogFbx: FBX Scene Loaded Succesfully
[2016.11.26-08.39.11:217][879]LogLinker:Warning: Can't find file '/Game/Board_Game/Models/Material__58'
[2016.11.26-08.39.11:217][879]LogLinker:Warning: Can't find file '/Game/Board_Game/Models/Material__58'
[2016.11.26-08.39.11:227][879]LogMaterial: Missing cached shader map for material Material__58, compiling. 
[2016.11.26-08.39.11:328][879]LogMaterial: Missing cached shader map for material Material__59, compiling. 
[2016.11.26-08.39.11:339][879]LogFbx:Warning: Triangulating static mesh Box001
[2016.11.26-08.39.12:506][879]LogStaticMesh: Building static mesh Dice...
[2016.11.26-08.39.12:824][879]LogStaticMesh: Built static mesh [0.32s] /Game/Board_Game/Models/Dice.Dice
[2016.11.26-08.39.12:845][879]LogStaticMesh:Warning: Dice has degenerate tangent bases which will result in incorrect shading.  MikkTSpace relies on tangent bases and may result in mesh corruption, consider disabling this option.
[2016.11.26-08.39.12:861][879]FBXImport:Warning: Warning Warning: No smoothing group information was found in this FBX scene.  Please make sure to enable the 'Export Smoothing Groups' option in the FBX Exporter plug-in before exporting the file.  Even for tools that don't support smoothing groups, the FBX Exporter will generate appropriate smoothing data at export-time so that correct vertex normals can be inferred while importing. 
[2016.11.26-08.39.12:861][879]FBXImport:Warning: Warning Dice has degenerate tangent bases which will result in incorrect shading.  MikkTSpace relies on tangent bases and may result in mesh corruption, consider disabling this option. 
[2016.11.26-08.39.35:273][224]LogActorFactory: Actor Factory created Dice
[2016.11.26-08.39.36:031][302]LogActorFactory: Actor Factory created Dice
[2016.11.26-08.39.47:501][640]LogEditorViewport: Clicking on Actor (LMB): BP_Sky_Sphere_C (Sky Sphere)
[2016.11.26-08.39.54:334][407]LogEditorViewport: Clicking on Actor (LMB): StaticMeshActor (Dice)
[2016.11.26-08.40.36:546][303]LogMaterial: Missing cached shader map for material Material__58, compiling. 
[2016.11.26-08.40.36:731][303]LogMaterial: Missing cached shader map for material Material__58, compiling. 
[2016.11.26-08.40.36:738][303]LogMaterial: 0.00 seconds spent updating 1 materials, 1 interfaces, 0 instances, 0 with static permutations.
[2016.11.26-08.40.36:761][303]LogMaterial: Missing cached shader map for material FMatExpressionPreview MaterialExpressionVectorParameter_0, compiling. 
[2016.11.26-08.40.37:858][337]MaterialEditorStats: Info Base pass shader with only dynamic lighting: 22 instructions
[2016.11.26-08.40.37:858][337]MaterialEditorStats: Info Vertex shader: 29 instructions
[2016.11.26-08.40.37:858][337]MaterialEditorStats: Info Texture samplers: 0/16
[2016.11.26-08.40.38:178][352]LogMaterial: Missing cached shader map for material Material__59, compiling. 
[2016.11.26-08.40.38:230][352]LogMaterial: Missing cached shader map for material Material__59, compiling. 
[2016.11.26-08.40.38:237][352]LogMaterial: 0.00 seconds spent updating 1 materials, 1 interfaces, 0 instances, 0 with static permutations.
[2016.11.26-08.40.38:266][352]LogMaterial: Missing cached shader map for material FMatExpressionPreview MaterialExpressionVectorParameter_0, compiling. 
[2016.11.26-08.40.39:190][385]MaterialEditorStats: Info Base pass shader with only dynamic lighting: 22 instructions
[2016.11.26-08.40.39:190][385]MaterialEditorStats: Info Vertex shader: 29 instructions
[2016.11.26-08.40.39:190][385]MaterialEditorStats: Info Texture samplers: 0/16
[2016.11.26-08.40.58:207][195]LogMaterialEditor: Saving and Compiling material Material__58
[2016.11.26-08.40.58:595][195]LogMaterial: Missing cached shader map for material Material__58, compiling. 
[2016.11.26-08.40.58:613][195]LogMaterial: 0.00 seconds spent updating 1 materials, 1 interfaces, 0 instances, 0 with static permutations.
[2016.11.26-08.40.58:649][195]LogMaterial: Missing cached shader map for material Material__58, compiling. 
[2016.11.26-08.40.58:670][195]LogMaterial: Missing cached shader map for material Material__58, compiling. 
[2016.11.26-08.40.58:682][195]LogMaterial: 0.00 seconds spent updating 1 materials, 1 interfaces, 0 instances, 0 with static permutations.
[2016.11.26-08.41.00:952][195]Cmd: OBJ SAVEPACKAGE PACKAGE="/Game/Board_Game/Models/Material__58" FILE="C:/Users/Master Chris/Documents/Unreal Projects/BoardGame_Project/Content/Board_Game/Models/Material__58.uasset" SILENT=true
[2016.11.26-08.41.00:965][195]LogSavePackage: Save=10.39ms
[2016.11.26-08.41.00:965][195]LogSavePackage: Moving 'C:/Users/Master Chris/Documents/Unreal Projects/BoardGame_Project/Saved/Material__5802675F884E8E73F9B11108B4C69209F3.tmp' to 'C:/Users/Master Chris/Documents/Unreal Projects/BoardGame_Project/Content/Board_Game/Models/Material__58.uasset'
[2016.11.26-08.41.00:970][195]LogSavePackage:Display: Finished SavePackage C:/Users/Master Chris/Documents/Unreal Projects/BoardGame_Project/Content/Board_Game/Models/Material__58.uasset
[2016.11.26-08.41.00:973][195]MaterialEditorStats: Info Base pass shader with only dynamic lighting: 58 instructions
[2016.11.26-08.41.00:973][195]MaterialEditorStats: Info Vertex shader: 29 instructions
[2016.11.26-08.41.00:973][195]MaterialEditorStats: Info Texture samplers: 3/16
[2016.11.26-08.41.02:551][357]LogMaterialEditor: Saving and Compiling material Material__59
[2016.11.26-08.41.02:934][357]LogMaterial: Missing cached shader map for material Material__59, compiling. 
[2016.11.26-08.41.02:950][357]LogMaterial: 0.00 seconds spent updating 1 materials, 1 interfaces, 0 instances, 0 with static permutations.
[2016.11.26-08.41.02:967][357]LogMaterial: Missing cached shader map for material Material__59, compiling. 
[2016.11.26-08.41.02:987][357]LogMaterial: Missing cached shader map for material Material__59, compiling. 
[2016.11.26-08.41.03:026][357]LogMaterial: 0.03 seconds spent updating 1 materials, 1 interfaces, 0 instances, 0 with static permutations.
[2016.11.26-08.41.05:297][357]Cmd: OBJ SAVEPACKAGE PACKAGE="/Game/Board_Game/Models/Material__59" FILE="C:/Users/Master Chris/Documents/Unreal Projects/BoardGame_Project/Content/Board_Game/Models/Material__59.uasset" SILENT=true
[2016.11.26-08.41.05:309][357]LogSavePackage: Save=9.40ms
[2016.11.26-08.41.05:309][357]LogSavePackage: Moving 'C:/Users/Master Chris/Documents/Unreal Projects/BoardGame_Project/Saved/Material__59E4C79CC14328ECCA74471EA1F0105CAE.tmp' to 'C:/Users/Master Chris/Documents/Unreal Projects/BoardGame_Project/Content/Board_Game/Models/Material__59.uasset'
[2016.11.26-08.41.05:313][357]LogSavePackage:Display: Finished SavePackage C:/Users/Master Chris/Documents/Unreal Projects/BoardGame_Project/Content/Board_Game/Models/Material__59.uasset
[2016.11.26-08.41.05:318][357]MaterialEditorStats: Info Base pass shader with only dynamic lighting: 58 instructions
[2016.11.26-08.41.05:318][357]MaterialEditorStats: Info Vertex shader: 29 instructions
[2016.11.26-08.41.05:318][357]MaterialEditorStats: Info Texture samplers: 3/16
[2016.11.26-08.41.09:547][810]LogSavePackage: Save=18.25ms
[2016.11.26-08.41.09:547][810]LogSavePackage: Moving 'C:/Users/Master Chris/Documents/Unreal Projects/BoardGame_Project/Saved/BoardGameLevelBFBE5543419BED358CC4CE99ED64F535.tmp' to 'C:/Users/Master Chris/Documents/Unreal Projects/BoardGame_Project/Content/Board_Game/Level/BoardGameLevel.umap'
[2016.11.26-08.41.09:551][810]LogSavePackage:Display: Finished SavePackage C:/Users/Master Chris/Documents/Unreal Projects/BoardGame_Project/Content/Board_Game/Level/BoardGameLevel.umap
[2016.11.26-08.41.29:021][ 83]LogPlayLevel: PlayLevel: No blueprints needed recompiling
[2016.11.26-08.41.29:021][ 83]PIE: New page: PIE session: BoardGameLevel (Nov 27, 2016, 5:41:29 AM)
[2016.11.26-08.41.29:021][ 83]LogPlayLevel: Creating play world package: /Game/Board_Game/Level/UEDPIE_0_BoardGameLevel
[2016.11.26-08.41.29:023][ 83]LogPlayLevel: PIE: StaticDuplicateObject took: (0.001924s)
[2016.11.26-08.41.29:024][ 83]LogAIModule: Creating AISystem for world BoardGameLevel
[2016.11.26-08.41.29:024][ 83]LogPlayLevel: PIE: World Init took: (0.000800s)
[2016.11.26-08.41.29:024][ 83]LogPlayLevel: PIE: Created PIE world by copying editor world from /Game/Board_Game/Level/BoardGameLevel.BoardGameLevel to /Game/Board_Game/Level/UEDPIE_0_BoardGameLevel.BoardGameLevel (0.002962s)
[2016.11.26-08.41.29:041][ 83]LogInit: XAudio2 using 'Speakers (Realtek High Definition Audio)' : 2 channels at 48 kHz using 32 bits per sample (channel mask 0x3)
[2016.11.26-08.41.29:047][ 83]LogInit: FAudioDevice initialized.
[2016.11.26-08.41.29:110][ 83]LogWorld: Game class is 'GameMode'
[2016.11.26-08.41.29:112][ 83]LogWorld: Bringing World /Game/Board_Game/Level/UEDPIE_0_BoardGameLevel.BoardGameLevel up for play (max tick rate 0) at 2016.11.26-19.41.29
[2016.11.26-08.41.29:113][ 83]LogWorld: Bringing up level for play took: 0.001691
[2016.11.26-08.41.29:119][ 83]LogContentBrowser: Native class hierarchy updated for 'MovieSceneCapture' in 0.0004 seconds. Added 11 classes and 0 folders.
[2016.11.26-08.41.29:120][ 83]PIE: Info Play in editor start time for /Game/Board_Game/Level/UEDPIE_0_BoardGameLevel 0.245
[2016.11.26-08.42.48:278][797]AssetReimport: New page: Outstanding source content changes 5:42:48 AM
[2016.11.26-08.42.48:302][798]LogFactory: FactoryCreateFile: StaticMesh with FbxFactory (0 0 C:/Users/Master Chris/Documents/Unreal Projects/BoardGame_Project/Content/Objects/Dice.FBX)
[2016.11.26-08.42.48:305][798]LogFbx: ItemName: GlobalSettings, ItemCount : 1
[2016.11.26-08.42.48:305][798]LogFbx: ItemName: AnimationStack, ItemCount : 1
[2016.11.26-08.42.48:305][798]LogFbx: ItemName: AnimationLayer, ItemCount : 1
[2016.11.26-08.42.48:305][798]LogFbx: ItemName: Model, ItemCount : 1
[2016.11.26-08.42.48:305][798]LogFbx: ItemName: Geometry, ItemCount : 1
[2016.11.26-08.42.48:305][798]LogFbx: ItemName: Material, ItemCount : 2
[2016.11.26-08.42.48:309][798]LogFbx: Loading FBX Scene from C:/Users/Master Chris/Documents/Unreal Projects/BoardGame_Project/Content/Objects/Dice.FBX
[2016.11.26-08.42.48:319][798]LogFbx: FBX Scene Loaded Succesfully
[2016.11.26-08.42.51:371][798]LogFbx: Loading FBX Scene from C:/Users/Master Chris/Documents/Unreal Projects/BoardGame_Project/Content/Objects/Dice.FBX
[2016.11.26-08.42.51:381][798]LogFbx: FBX Scene Loaded Succesfully
[2016.11.26-08.42.51:387][798]LogMaterial: Missing cached shader map for material Material__58, compiling. 
[2016.11.26-08.42.51:401][798]LogMaterial: Missing cached shader map for material Material__59, compiling. 
[2016.11.26-08.42.52:714][798]LogStaticMesh: Building static mesh Dice...
[2016.11.26-08.42.52:958][798]LogStaticMesh: Built static mesh [0.24s] /Game/Objects/Dice.Dice
[2016.11.26-08.42.53:089][799]Cmd: OBJ SAVEPACKAGE PACKAGE="/Game/Objects/Dice" FILE="C:/Users/Master Chris/Documents/Unreal Projects/BoardGame_Project/Content/Objects/Dice.uasset" SILENT=true
[2016.11.26-08.42.53:105][799]LogSavePackage: Save=13.63ms
[2016.11.26-08.42.53:105][799]LogSavePackage: Moving 'C:/Users/Master Chris/Documents/Unreal Projects/BoardGame_Project/Saved/Dice40A6A00B4F531083E38E63851AF7EEC3.tmp' to 'C:/Users/Master Chris/Documents/Unreal Projects/BoardGame_Project/Content/Objects/Dice.uasset'
[2016.11.26-08.42.53:110][799]LogSavePackage:Display: Finished SavePackage C:/Users/Master Chris/Documents/Unreal Projects/BoardGame_Project/Content/Objects/Dice.uasset
[2016.11.26-08.42.56:122][ 14]AssetReimport: Info Importing new asset /Game/Objects/Dice.
[2016.11.26-08.43.37:153][ 28]LogFactory: FactoryCreateFile: StaticMesh with FbxFactory (0 0 C:/Users/Master Chris/Documents/Unreal Projects/BoardGame_Project/Content/Objects/Dice.FBX)
[2016.11.26-08.43.37:155][ 28]LogFbx: ItemName: GlobalSettings, ItemCount : 1
[2016.11.26-08.43.37:155][ 28]LogFbx: ItemName: AnimationStack, ItemCount : 1
[2016.11.26-08.43.37:155][ 28]LogFbx: ItemName: AnimationLayer, ItemCount : 1
[2016.11.26-08.43.37:155][ 28]LogFbx: ItemName: Model, ItemCount : 1
[2016.11.26-08.43.37:155][ 28]LogFbx: ItemName: Geometry, ItemCount : 1
[2016.11.26-08.43.37:155][ 28]LogFbx: ItemName: Material, ItemCount : 2
[2016.11.26-08.43.37:159][ 28]LogFbx: Loading FBX Scene from C:/Users/Master Chris/Documents/Unreal Projects/BoardGame_Project/Content/Objects/Dice.FBX
[2016.11.26-08.43.37:169][ 28]LogFbx: FBX Scene Loaded Succesfully
[2016.11.26-08.43.45:139][ 28]LogFbx: Loading FBX Scene from C:/Users/Master Chris/Documents/Unreal Projects/BoardGame_Project/Content/Objects/Dice.FBX
[2016.11.26-08.43.45:149][ 28]LogFbx: FBX Scene Loaded Succesfully
[2016.11.26-08.43.45:151][ 28]LogLinker:Warning: Can't find file '/Game/Board_Game/Models/Dice/Material__58'
[2016.11.26-08.43.45:151][ 28]LogLinker:Warning: Can't find file '/Game/Board_Game/Models/Dice/Material__58'
[2016.11.26-08.43.45:155][ 28]LogMaterial: Missing cached shader map for material Material__58, compiling. 
[2016.11.26-08.43.45:170][ 28]LogMaterial: Missing cached shader map for material Material__59, compiling. 
[2016.11.26-08.43.45:181][ 28]LogFbx:Warning: Triangulating static mesh Box001
[2016.11.26-08.43.46:459][ 28]LogStaticMesh: Building static mesh Dice...
[2016.11.26-08.43.46:716][ 28]LogStaticMesh: Built static mesh [0.26s] /Game/Board_Game/Models/Dice/Dice.Dice
[2016.11.26-08.43.46:746][ 28]LogStaticMesh:Warning: Dice has degenerate tangent bases which will result in incorrect shading.  MikkTSpace relies on tangent bases and may result in mesh corruption, consider disabling this option.
[2016.11.26-08.43.46:756][ 28]FBXImport:Warning: Warning Warning: No smoothing group information was found in this FBX scene.  Please make sure to enable the 'Export Smoothing Groups' option in the FBX Exporter plug-in before exporting the file.  Even for tools that don't support smoothing groups, the FBX Exporter will generate appropriate smoothing data at export-time so that correct vertex normals can be inferred while importing. 
[2016.11.26-08.43.46:757][ 28]FBXImport:Warning: Warning Dice has degenerate tangent bases which will result in incorrect shading.  MikkTSpace relies on tangent bases and may result in mesh corruption, consider disabling this option. 
[2016.11.26-08.45.13:312][762]LogActorFactory: Actor Factory created Dice
[2016.11.26-08.45.14:101][843]LogActorFactory: Actor Factory created Dice
[2016.11.26-08.45.28:395][511]LogEditorViewport: Clicking on Actor (LMB): StaticMeshActor (Dice2)
[2016.11.26-08.45.31:514][797]LogPlayLevel: PlayLevel: No blueprints needed recompiling
[2016.11.26-08.45.31:515][797]PIE: New page: PIE session: BoardGameLevel (Nov 27, 2016, 5:45:31 AM)
[2016.11.26-08.45.31:515][797]LogPlayLevel: Creating play world package: /Game/Board_Game/Level/UEDPIE_0_BoardGameLevel
[2016.11.26-08.45.31:517][797]LogPlayLevel: PIE: StaticDuplicateObject took: (0.002685s)
[2016.11.26-08.45.31:518][797]LogAIModule: Creating AISystem for world BoardGameLevel
[2016.11.26-08.45.31:519][797]LogPlayLevel: PIE: World Init took: (0.001051s)
[2016.11.26-08.45.31:519][797]LogPlayLevel: PIE: Created PIE world by copying editor world from /Game/Board_Game/Level/BoardGameLevel.BoardGameLevel to /Game/Board_Game/Level/UEDPIE_0_BoardGameLevel.BoardGameLevel (0.004022s)
[2016.11.26-08.45.31:536][797]LogInit: XAudio2 using 'Speakers (Realtek High Definition Audio)' : 2 channels at 48 kHz using 32 bits per sample (channel mask 0x3)
[2016.11.26-08.45.31:543][797]LogInit: FAudioDevice initialized.
[2016.11.26-08.45.31:592][797]LogWorld: Game class is 'GameMode'
[2016.11.26-08.45.31:595][797]LogWorld: Bringing World /Game/Board_Game/Level/UEDPIE_0_BoardGameLevel.BoardGameLevel up for play (max tick rate 0) at 2016.11.26-19.45.31
[2016.11.26-08.45.31:595][797]LogWorld: Bringing up level for play took: 0.001580
[2016.11.26-08.45.31:596][797]PIE: Info Play in editor start time for /Game/Board_Game/Level/UEDPIE_0_BoardGameLevel 0.718
[2016.11.26-08.45.43:486][113]LogEditorViewport: Clicking on Actor (LMB): BP_Sky_Sphere_C (Sky Sphere)
[2016.11.26-08.45.45:232][298]LogEditorViewport: Clicking on Actor (LMB): BP_Sky_Sphere_C (Sky Sphere)
[2016.11.26-08.46.02:818][357]LogEditorViewport: Clicking on Actor (LMB): StaticMeshActor (Dice2)
[2016.11.26-08.46.03:578][443]Cmd: DELETE
[2016.11.26-08.46.03:578][443]Cmd: ACTOR DELETE
[2016.11.26-08.46.03:578][443]LogEditorActor: Deleted Actor: StaticMeshActor
[2016.11.26-08.46.03:585][443]LogEditorActor: Deleted 1 Actors (0.007 secs)
[2016.11.26-08.47.17:213][487]AssetReimport: New page: Outstanding source content changes 5:47:17 AM
[2016.11.26-08.47.20:226][697]AssetReimport:Warning: Warning Can't move /Game/Board_Game/Models/Dice/Dice to /Game/Objects/Dice/Dice - one already exists.
[2016.11.26-08.47.34:931][634]LogFactory: FactoryCreateFile: StaticMesh with FbxFactory (0 0 C:/Users/Master Chris/Documents/Unreal Projects/BoardGame_Project/Content/Objects/Dice/Dice.FBX)
[2016.11.26-08.47.34:934][634]LogFbx: ItemName: GlobalSettings, ItemCount : 1
[2016.11.26-08.47.34:934][634]LogFbx: ItemName: AnimationStack, ItemCount : 1
[2016.11.26-08.47.34:934][634]LogFbx: ItemName: AnimationLayer, ItemCount : 1
[2016.11.26-08.47.34:934][634]LogFbx: ItemName: Model, ItemCount : 1
[2016.11.26-08.47.34:934][634]LogFbx: ItemName: Geometry, ItemCount : 1
[2016.11.26-08.47.34:934][634]LogFbx: ItemName: Material, ItemCount : 2
[2016.11.26-08.47.34:941][634]LogFbx: Loading FBX Scene from C:/Users/Master Chris/Documents/Unreal Projects/BoardGame_Project/Content/Objects/Dice/Dice.FBX
[2016.11.26-08.47.34:956][634]LogFbx: FBX Scene Loaded Succesfully
[2016.11.26-08.47.36:298][634]LogFbx: Loading FBX Scene from C:/Users/Master Chris/Documents/Unreal Projects/BoardGame_Project/Content/Objects/Dice/Dice.FBX
[2016.11.26-08.47.36:309][634]LogFbx: FBX Scene Loaded Succesfully
[2016.11.26-08.47.36:311][634]LogLinker:Warning: Can't find file '/Game/Board_Game/Models/Dice/Material__58'
[2016.11.26-08.47.36:311][634]LogLinker:Warning: Can't find file '/Game/Board_Game/Models/Dice/Material__58'
[2016.11.26-08.47.36:314][634]LogMaterial: Missing cached shader map for material Material__58, compiling. 
[2016.11.26-08.47.36:327][634]LogMaterial: Missing cached shader map for material Material__59, compiling. 
[2016.11.26-08.47.36:338][634]LogFbx:Warning: Triangulating static mesh Box001
[2016.11.26-08.47.37:612][634]LogStaticMesh: Building static mesh Dice...
[2016.11.26-08.47.37:861][634]LogStaticMesh: Built static mesh [0.25s] /Game/Board_Game/Models/Dice/Dice.Dice
[2016.11.26-08.47.37:891][634]LogStaticMesh:Warning: Dice has degenerate tangent bases which will result in incorrect shading.  MikkTSpace relies on tangent bases and may result in mesh corruption, consider disabling this option.
[2016.11.26-08.47.37:898][634]FBXImport:Warning: Warning Warning: No smoothing group information was found in this FBX scene.  Please make sure to enable the 'Export Smoothing Groups' option in the FBX Exporter plug-in before exporting the file.  Even for tools that don't support smoothing groups, the FBX Exporter will generate appropriate smoothing data at export-time so that correct vertex normals can be inferred while importing. 
[2016.11.26-08.47.37:899][634]FBXImport:Warning: Warning Dice has degenerate tangent bases which will result in incorrect shading.  MikkTSpace relies on tangent bases and may result in mesh corruption, consider disabling this option. 
[2016.11.26-08.47.58:001][893]Cmd: DELETE
[2016.11.26-08.47.58:001][893]Cmd: ACTOR DELETE
[2016.11.26-08.47.58:001][893]LogEditorActor: Deleted Actor: StaticMeshActor
[2016.11.26-08.47.58:009][893]LogEditorActor: Deleted 1 Actors (0.008 secs)
[2016.11.26-08.48.02:928][430]LogActorFactory: Actor Factory created Dice
[2016.11.26-08.48.03:402][485]LogActorFactory: Actor Factory created Dice
[2016.11.26-08.48.06:817][887]Cmd: DELETE
[2016.11.26-08.48.06:817][887]Cmd: ACTOR DELETE
[2016.11.26-08.48.06:818][887]LogEditorActor: Deleted Actor: StaticMeshActor
[2016.11.26-08.48.06:825][887]LogEditorActor: Deleted 1 Actors (0.008 secs)
[2016.11.26-09.23.58:976][973]LogSavePackage: Save=18.05ms
[2016.11.26-09.23.58:976][973]LogSavePackage: Moving 'C:/Users/Master Chris/Documents/Unreal Projects/BoardGame_Project/Saved/BoardGameLevel75FDEA994350526A465534904667AA0D.tmp' to 'C:/Users/Master Chris/Documents/Unreal Projects/BoardGame_Project/Content/Board_Game/Level/BoardGameLevel.umap'
[2016.11.26-09.23.58:980][973]LogSavePackage:Display: Finished SavePackage C:/Users/Master Chris/Documents/Unreal Projects/BoardGame_Project/Content/Board_Game/Level/BoardGameLevel.umap
[2016.11.26-09.24.07:750][490]Cmd: OBJ SAVEPACKAGE PACKAGE="/Game/Board_Game/Models/Dice/Dice" FILE="C:/Users/Master Chris/Documents/Unreal Projects/BoardGame_Project/Content/Board_Game/Models/Dice/Dice.uasset" SILENT=true
[2016.11.26-09.24.07:763][490]LogSavePackage: Save=9.66ms
[2016.11.26-09.24.07:763][490]LogSavePackage: Moving 'C:/Users/Master Chris/Documents/Unreal Projects/BoardGame_Project/Saved/DiceC577DB74451728B82D04018005DDDF77.tmp' to 'C:/Users/Master Chris/Documents/Unreal Projects/BoardGame_Project/Content/Board_Game/Models/Dice/Dice.uasset'
[2016.11.26-09.24.07:774][490]LogSavePackage:Display: Finished SavePackage C:/Users/Master Chris/Documents/Unreal Projects/BoardGame_Project/Content/Board_Game/Models/Dice/Dice.uasset
[2016.11.26-09.24.07:800][490]LogSavePackage: Save=9.70ms
[2016.11.26-09.24.07:800][490]LogSavePackage: Moving 'C:/Users/Master Chris/Documents/Unreal Projects/BoardGame_Project/Saved/Material__5824F27B374EF2B02A4F5742A498C9DB35.tmp' to 'C:/Users/Master Chris/Documents/Unreal Projects/BoardGame_Project/Content/Board_Game/Models/Dice/Material__58.uasset'
[2016.11.26-09.24.07:804][490]LogSavePackage:Display: Finished SavePackage C:/Users/Master Chris/Documents/Unreal Projects/BoardGame_Project/Content/Board_Game/Models/Dice/Material__58.uasset
[2016.11.26-09.24.07:831][490]LogSavePackage: Save=9.52ms
[2016.11.26-09.24.07:831][490]LogSavePackage: Moving 'C:/Users/Master Chris/Documents/Unreal Projects/BoardGame_Project/Saved/Material__59022BA6654BA6979404B19399BA4253CF.tmp' to 'C:/Users/Master Chris/Documents/Unreal Projects/BoardGame_Project/Content/Board_Game/Models/Dice/Material__59.uasset'
[2016.11.26-09.24.07:835][490]LogSavePackage:Display: Finished SavePackage C:/Users/Master Chris/Documents/Unreal Projects/BoardGame_Project/Content/Board_Game/Models/Dice/Material__59.uasset
[2016.11.26-09.24.07:850][490]Cmd: OBJ SAVEPACKAGE PACKAGE="/Game/Objects/Material__58" FILE="C:/Users/Master Chris/Documents/Unreal Projects/BoardGame_Project/Content/Objects/Material__58.uasset" SILENT=true
[2016.11.26-09.24.07:861][490]LogSavePackage: Save=9.13ms
[2016.11.26-09.24.07:861][490]LogSavePackage: Moving 'C:/Users/Master Chris/Documents/Unreal Projects/BoardGame_Project/Saved/Material__582B1B26664C98039A3F8577A80334063E.tmp' to 'C:/Users/Master Chris/Documents/Unreal Projects/BoardGame_Project/Content/Objects/Material__58.uasset'
[2016.11.26-09.24.07:865][490]LogSavePackage:Display: Finished SavePackage C:/Users/Master Chris/Documents/Unreal Projects/BoardGame_Project/Content/Objects/Material__58.uasset
[2016.11.26-09.24.07:879][490]Cmd: OBJ SAVEPACKAGE PACKAGE="/Game/Objects/Material__59" FILE="C:/Users/Master Chris/Documents/Unreal Projects/BoardGame_Project/Content/Objects/Material__59.uasset" SILENT=true
[2016.11.26-09.24.07:891][490]LogSavePackage: Save=9.37ms
[2016.11.26-09.24.07:891][490]LogSavePackage: Moving 'C:/Users/Master Chris/Documents/Unreal Projects/BoardGame_Project/Saved/Material__59F3DA49374828B778836529BC61F9B545.tmp' to 'C:/Users/Master Chris/Documents/Unreal Projects/BoardGame_Project/Content/Objects/Material__59.uasset'
[2016.11.26-09.24.07:896][490]LogSavePackage:Display: Finished SavePackage C:/Users/Master Chris/Documents/Unreal Projects/BoardGame_Project/Content/Objects/Material__59.uasset
[2016.11.26-09.24.08:105][491]Cmd: QUIT_EDITOR
[2016.11.26-09.24.08:173][491]LogExit: Preparing to exit.
[2016.11.26-09.24.08:459][491]LogExit: Editor shut down
[2016.11.26-09.24.08:459][491]LogExit: Transaction tracking system shut down
[2016.11.26-09.24.08:552][491]LogObj: Freed 0b from 0 cluster array pools.
[2016.11.26-09.24.08:552][491]LogExit: Object subsystem successfully closed.
[2016.11.26-09.24.08:565][491]LogD3D11RHI: Shutdown
[2016.11.26-09.24.08:565][491]LogD3D11RHI: CleanupD3DDevice
[2016.11.26-09.24.08:566][491]LogD3D11RHI: ~FD3D11DynamicRHI
[2016.11.26-09.24.08:611][491]LogModuleManager: Shutting down and abandoning module HierarchicalLODUtilities (216)
[2016.11.26-09.24.08:611][491]LogModuleManager: Shutting down and abandoning module MovieSceneCapture (215)
[2016.11.26-09.24.08:611][491]LogModuleManager: Shutting down and abandoning module MaterialEditor (214)
[2016.11.26-09.24.08:611][491]LogModuleManager: Shutting down and abandoning module HierarchicalLODOutliner (213)
[2016.11.26-09.24.08:611][491]LogModuleManager: Shutting down and abandoning module CrashTracker (212)
[2016.11.26-09.24.08:611][491]LogModuleManager: Shutting down and abandoning module SceneOutliner (211)
[2016.11.26-09.24.08:611][491]LogModuleManager: Shutting down and abandoning module WidgetCarousel (210)
[2016.11.26-09.24.08:611][491]LogModuleManager: Shutting down and abandoning module AddContentDialog (209)
[2016.11.26-09.24.08:612][491]LogModuleManager: Shutting down and abandoning module GameplayTags (208)
[2016.11.26-09.24.08:612][491]LogModuleManager: Shutting down and abandoning module EditorWidgets (207)
[2016.11.26-09.24.08:612][491]LogModuleManager: Shutting down and abandoning module CollectionManager (206)
[2016.11.26-09.24.08:613][491]LogModuleManager: Shutting down and abandoning module StatsViewer (205)
[2016.11.26-09.24.08:613][491]LogModuleManager: Shutting down and abandoning module FoliageEdit (204)
[2016.11.26-09.24.08:613][491]LogModuleManager: Shutting down and abandoning module LandscapeEditor (203)
[2016.11.26-09.24.08:613][491]LogModuleManager: Shutting down and abandoning module SceneDepthPickerMode (202)
[2016.11.26-09.24.08:613][491]LogModuleManager: Shutting down and abandoning module ActorPickerMode (201)
[2016.11.26-09.24.08:613][491]LogModuleManager: Shutting down and abandoning module GeometryMode (200)
[2016.11.26-09.24.08:613][491]LogModuleManager: Shutting down and abandoning module TextureAlignMode (199)
[2016.11.26-09.24.08:613][491]LogModuleManager: Shutting down and abandoning module BspMode (198)
[2016.11.26-09.24.08:613][491]LogModuleManager: Shutting down and abandoning module HardwareSurvey (197)
[2016.11.26-09.24.08:613][491]LogModuleManager: Shutting down and abandoning module SequenceRecorderSections (196)
[2016.11.26-09.24.08:613][491]LogModuleManager: Shutting down and abandoning module SequenceRecorder (195)
[2016.11.26-09.24.08:613][491]LogModuleManager: Shutting down and abandoning module AutomationWorker (194)
[2016.11.26-09.24.08:613][491]LogModuleManager: Shutting down and abandoning module MatineeToLevelSequence (193)
[2016.11.26-09.24.08:613][491]LogModuleManager: Shutting down and abandoning module PlacementMode (192)
[2016.11.26-09.24.08:613][491]LogModuleManager: Shutting down and abandoning module LevelSequenceEditor (191)
[2016.11.26-09.24.08:613][491]LogModuleManager: Shutting down and abandoning module CharacterAI (190)
[2016.11.26-09.24.08:613][491]LogModuleManager: Shutting down and abandoning module SmartSnapping (189)
[2016.11.26-09.24.08:613][491]LogModuleManager: Shutting down and abandoning module SessionServices (188)
[2016.11.26-09.24.08:613][491]LogModuleManager: Shutting down and abandoning module ViewportSnapping (187)
[2016.11.26-09.24.08:613][491]LogModuleManager: Shutting down and abandoning module LogVisualizer (186)
[2016.11.26-09.24.08:613][491]LogModuleManager: Shutting down and abandoning module GameProjectGeneration (185)
[2016.11.26-09.24.08:613][491]LogModuleManager: Shutting down and abandoning module IntroTutorials (184)
[2016.11.26-09.24.08:613][491]LogModuleManager: Shutting down and abandoning module EditorLiveStreaming (183)
[2016.11.26-09.24.08:613][491]LogModuleManager: Shutting down and abandoning module IOSPlatformEditor (182)
[2016.11.26-09.24.08:613][491]LogModuleManager: Shutting down and abandoning module HTML5PlatformEditor (181)
[2016.11.26-09.24.08:613][491]LogModuleManager: Shutting down and abandoning module AndroidDeviceDetection (180)
[2016.11.26-09.24.09:159][491]LogModuleManager: Shutting down and abandoning module AndroidPlatformEditor (179)
[2016.11.26-09.24.09:159][491]LogModuleManager: Shutting down and abandoning module IOSRuntimeSettings (178)
[2016.11.26-09.24.09:159][491]LogModuleManager: Shutting down and abandoning module AndroidRuntimeSettings (177)
[2016.11.26-09.24.09:159][491]LogModuleManager: Shutting down and abandoning module MergeActors (176)
[2016.11.26-09.24.09:159][491]LogModuleManager: Shutting down and abandoning module SizeMap (175)
[2016.11.26-09.24.09:159][491]LogModuleManager: Shutting down and abandoning module TreeMap (174)
[2016.11.26-09.24.09:159][491]LogModuleManager: Shutting down and abandoning module ReferenceViewer (173)
[2016.11.26-09.24.09:159][491]LogModuleManager: Shutting down and abandoning module LocalizationService (172)
[2016.11.26-09.24.09:159][491]LogModuleManager: Shutting down and abandoning module LocalizationDashboard (171)
[2016.11.26-09.24.09:159][491]LogModuleManager: Shutting down and abandoning module HardwareTargeting (170)
[2016.11.26-09.24.09:159][491]LogModuleManager: Shutting down and abandoning module DeviceProfileEditor (169)
[2016.11.26-09.24.09:159][491]LogModuleManager: Shutting down and abandoning module UndoHistory (168)
[2016.11.26-09.24.09:160][491]LogModuleManager: Shutting down and abandoning module UserFeedback (167)
[2016.11.26-09.24.09:160][491]LogModuleManager: Shutting down and abandoning module XmlParser (166)
[2016.11.26-09.24.09:160][491]LogModuleManager: Shutting down and abandoning module Blutility (165)
[2016.11.26-09.24.09:160][491]LogModuleManager: Shutting down and abandoning module ProjectTargetPlatformEditor (164)
[2016.11.26-09.24.09:160][491]LogModuleManager: Shutting down and abandoning module ProjectSettingsViewer (163)
[2016.11.26-09.24.09:160][491]LogModuleManager: Shutting down and abandoning module InputBindingEditor (162)
[2016.11.26-09.24.09:160][491]LogModuleManager: Shutting down and abandoning module EditorSettingsViewer (161)
[2016.11.26-09.24.09:160][491]LogModuleManager: Shutting down and abandoning module SettingsEditor (160)
[2016.11.26-09.24.09:160][491]LogModuleManager: Shutting down and abandoning module ProjectLauncher (159)
[2016.11.26-09.24.09:160][491]LogModuleManager: Shutting down and abandoning module SessionFrontend (158)
[2016.11.26-09.24.09:160][491]LogModuleManager: Shutting down and abandoning module ProfilerClient (157)
[2016.11.26-09.24.09:160][491]LogModuleManager: Shutting down and abandoning module TargetDeviceServices (156)
[2016.11.26-09.24.09:160][491]LogModuleManager: Shutting down and abandoning module DeviceManager (155)
[2016.11.26-09.24.09:200][491]LogModuleManager: Shutting down and abandoning module AutomationController (154)
[2016.11.26-09.24.09:200][491]LogModuleManager: Shutting down and abandoning module AutomationWindow (153)
[2016.11.26-09.24.09:200][491]LogModuleManager: Shutting down and abandoning module Layers (152)
[2016.11.26-09.24.09:200][491]LogModuleManager: Shutting down and abandoning module ComponentVisualizers (151)
[2016.11.26-09.24.09:200][491]LogModuleManager: Shutting down and abandoning module DetailCustomizations (150)
[2016.11.26-09.24.09:200][491]LogModuleManager: Shutting down and abandoning module PackagesDialog (149)
[2016.11.26-09.24.09:200][491]LogModuleManager: Shutting down and abandoning module Persona (148)
[2016.11.26-09.24.09:200][491]LogModuleManager: Shutting down and abandoning module Kismet (147)
[2016.11.26-09.24.09:200][491]LogModuleManager: Shutting down and abandoning module GraphEditor (146)
[2016.11.26-09.24.09:200][491]LogModuleManager: Shutting down and abandoning module ClassViewer (145)
[2016.11.26-09.24.09:200][491]LogModuleManager: Shutting down and abandoning module Toolbox (144)
[2016.11.26-09.24.09:200][491]LogModuleManager: Shutting down and abandoning module ModuleUI (143)
[2016.11.26-09.24.09:200][491]LogModuleManager: Shutting down and abandoning module MovieSceneTools (142)
[2016.11.26-09.24.09:200][491]LogModuleManager: Shutting down and abandoning module OutputLog (141)
[2016.11.26-09.24.09:200][491]LogModuleManager: Shutting down and abandoning module GammaUI (140)
[2016.11.26-09.24.09:200][491]LogModuleManager: Shutting down and abandoning module Documentation (139)
[2016.11.26-09.24.09:200][491]LogModuleManager: Shutting down and abandoning module StreamingPauseRendering (138)
[2016.11.26-09.24.09:200][491]LogModuleManager: Shutting down and abandoning module AnalyticsET (137)
[2016.11.26-09.24.09:200][491]LogModuleManager: Shutting down and abandoning module Analytics (136)
[2016.11.26-09.24.09:200][491]LogModuleManager: Shutting down and abandoning module PortalServices (135)
[2016.11.26-09.24.09:200][491]LogModuleManager: Shutting down and abandoning module PortalRpc (134)
[2016.11.26-09.24.09:200][491]LogModuleManager: Shutting down and abandoning module MessagingRpc (133)
[2016.11.26-09.24.09:200][491]LogModuleManager: Shutting down and abandoning module GameplayDebugger (132)
[2016.11.26-09.24.09:200][491]LogModuleManager: Shutting down and abandoning module AITestSuite (131)
[2016.11.26-09.24.09:200][491]LogModuleManager: Shutting down and abandoning module AIModule (130)
[2016.11.26-09.24.09:200][491]LogModuleManager: Shutting down and abandoning module ProfilerService (129)
[2016.11.26-09.24.09:280][491]LogModuleManager: Shutting down and abandoning module TaskGraph (128)
[2016.11.26-09.24.09:280][491]LogModuleManager: Shutting down and abandoning module SlateRemote (127)
[2016.11.26-09.24.09:280][491]LogModuleManager: Shutting down and abandoning module SteamVRController (126)
[2016.11.26-09.24.09:280][491]LogModuleManager: Shutting down and abandoning module SteamVR (125)
[2016.11.26-09.24.09:280][491]LogModuleManager: Shutting down and abandoning module ProceduralMeshComponent (124)
[2016.11.26-09.24.09:280][491]LogModuleManager: Shutting down and abandoning module OculusLibrary (123)
[2016.11.26-09.24.09:280][491]LogModuleManager: Shutting down and abandoning module OculusInput (122)
[2016.11.26-09.24.09:280][491]LogModuleManager: Shutting down and abandoning module CustomMeshComponent (121)
[2016.11.26-09.24.09:280][491]LogModuleManager: Shutting down and abandoning module CableComponent (120)
[2016.11.26-09.24.09:280][491]LogModuleManager: Shutting down and abandoning module ArchVisCharacter (119)
[2016.11.26-09.24.09:280][491]LogModuleManager: Shutting down and abandoning module MediaPlayerEditor (118)
[2016.11.26-09.24.09:280][491]LogModuleManager: Shutting down and abandoning module HTML5Networking (117)
[2016.11.26-09.24.09:280][491]LogModuleManager: Shutting down and abandoning module SuperSearch (116)
[2016.11.26-09.24.09:280][491]LogModuleManager: Shutting down and abandoning module SuperSearchEditor (115)
[2016.11.26-09.24.09:280][491]LogModuleManager: Shutting down and abandoning module SpeedTreeImporter (114)
[2016.11.26-09.24.09:280][491]LogModuleManager: Shutting down and abandoning module PluginBrowser (113)
[2016.11.26-09.24.09:280][491]LogModuleManager: Shutting down and abandoning module EpicSurvey (112)
[2016.11.26-09.24.09:280][491]LogModuleManager: Shutting down and abandoning module DesktopPlatform (111)
[2016.11.26-09.24.09:280][491]LogModuleManager: Shutting down and abandoning module VisualStudioSourceCodeAccess (110)
[2016.11.26-09.24.09:280][491]LogModuleManager: Shutting down and abandoning module UObjectPlugin (109)
[2016.11.26-09.24.09:280][491]LogModuleManager: Shutting down and abandoning module SubversionSourceControl (108)
[2016.11.26-09.24.09:280][491]LogModuleManager: Shutting down and abandoning module PerforceSourceControl (107)
[2016.11.26-09.24.09:280][491]LogModuleManager: Shutting down and abandoning module SourceControl (106)
[2016.11.26-09.24.09:280][491]LogModuleManager: Shutting down and abandoning module GitSourceControl (105)
[2016.11.26-09.24.09:280][491]LogModuleManager: Shutting down and abandoning module LightPropagationVolumeEditor (104)
[2016.11.26-09.24.09:281][491]LogModuleManager: Shutting down and abandoning module PaperTiledImporter (103)
[2016.11.26-09.24.09:281][491]LogModuleManager: Shutting down and abandoning module PaperSpriteSheetImporter (102)
[2016.11.26-09.24.09:281][491]LogModuleManager: Shutting down and abandoning module MeshPaint (101)
[2016.11.26-09.24.09:281][491]LogModuleManager: Shutting down and abandoning module PixelInspectorModule (100)
[2016.11.26-09.24.09:281][491]LogModuleManager: Shutting down and abandoning module HotReload (99)
[2016.11.26-09.24.09:281][491]LogModuleManager: Shutting down and abandoning module MainFrame (98)
[2016.11.26-09.24.09:281][491]LogModuleManager: Shutting down and abandoning module LevelEditor (97)
[2016.11.26-09.24.09:282][491]LogModuleManager: Shutting down and abandoning module ContentBrowser (96)
[2016.11.26-09.24.09:282][491]LogModuleManager: Shutting down and abandoning module Paper2DEditor (95)
[2016.11.26-09.24.09:282][491]LogModuleManager: Shutting down and abandoning module UdpMessaging (94)
[2016.11.26-09.24.09:382][491]LogModuleManager: Shutting down and abandoning module LightPropagationVolumeRuntime (93)
[2016.11.26-09.24.09:382][491]LogModuleManager: Shutting down and abandoning module Paper2D (92)
[2016.11.26-09.24.09:382][491]LogModuleManager: Shutting down and abandoning module WindowsMoviePlayer (91)
[2016.11.26-09.24.09:382][491]LogModuleManager: Shutting down and abandoning module Media (90)
[2016.11.26-09.24.09:382][491]LogModuleManager: Shutting down and abandoning module WmfMedia (89)
[2016.11.26-09.24.09:382][491]LogModuleManager: Shutting down and abandoning module MediaAssets (88)
[2016.11.26-09.24.09:382][491]LogModuleManager: Shutting down and abandoning module GameLiveStreaming (87)
[2016.11.26-09.24.09:382][491]LogModuleManager: Shutting down and abandoning module GameplayTagsEditor (86)
[2016.11.26-09.24.09:382][491]LogModuleManager: Shutting down and abandoning module OnlineBlueprintSupport (85)
[2016.11.26-09.24.09:382][491]LogModuleManager: Shutting down and abandoning module VREditor (84)
[2016.11.26-09.24.09:382][491]LogModuleManager: Shutting down and abandoning module GameplayTasksEditor (83)
[2016.11.26-09.24.09:382][491]LogModuleManager: Shutting down and abandoning module PropertyEditor (82)
[2016.11.26-09.24.09:382][491]LogModuleManager: Shutting down and abandoning module BehaviorTreeEditor (81)
[2016.11.26-09.24.09:382][491]LogModuleManager: Shutting down and abandoning module FunctionalTesting (80)
[2016.11.26-09.24.09:382][491]LogModuleManager: Shutting down and abandoning module CollisionAnalyzer (79)
[2016.11.26-09.24.09:383][491]LogModuleManager: Shutting down and abandoning module Sequencer (78)
[2016.11.26-09.24.09:383][491]LogModuleManager: Shutting down and abandoning module WorkspaceMenuStructure (77)
[2016.11.26-09.24.09:383][491]LogModuleManager: Shutting down and abandoning module MessageLog (76)
[2016.11.26-09.24.09:383][491]LogModuleManager: Shutting down and abandoning module AssetTools (75)
[2016.11.26-09.24.09:383][491]LogModuleManager: Shutting down and abandoning module UMGEditor (74)
[2016.11.26-09.24.09:383][491]LogModuleManager: Shutting down and abandoning module UMG (73)
[2016.11.26-09.24.09:383][491]LogModuleManager: Shutting down and abandoning module SlateReflector (72)
[2016.11.26-09.24.09:383][491]LogModuleManager: Shutting down and abandoning module Slate (71)
[2016.11.26-09.24.09:383][491]LogModuleManager: Shutting down and abandoning module EditorStyle (70)
[2016.11.26-09.24.09:385][491]LogModuleManager: Shutting down and abandoning module SourceCodeAccess (69)
[2016.11.26-09.24.09:385][491]LogModuleManager: Shutting down and abandoning module HeadMountedDisplay (68)
[2016.11.26-09.24.09:385][491]LogModuleManager: Shutting down and abandoning module XAudio2 (67)
[2016.11.26-09.24.09:385][491]LogModuleManager: Shutting down and abandoning module Networking (65)
[2016.11.26-09.24.09:385][491]LogModuleManager: Shutting down and abandoning module Core (64)
[2016.11.26-09.24.09:385][491]LogModuleManager: Shutting down and abandoning module DirectoryWatcher (63)
[2016.11.26-09.24.09:385][491]LogModuleManager: Shutting down and abandoning module AssetRegistry (62)
[2016.11.26-09.24.09:531][491]LogModuleManager: Shutting down and abandoning module KismetCompiler (61)
[2016.11.26-09.24.09:531][491]LogModuleManager: Shutting down and abandoning module PhysXFormats (60)
[2016.11.26-09.24.09:531][491]LogModuleManager: Shutting down and abandoning module MeshUtilities (59)
[2016.11.26-09.24.09:531][491]LogModuleManager: Shutting down and abandoning module DerivedDataCache (58)
[2016.11.26-09.24.09:580][491]LogDerivedDataCache: Shutdown
[2016.11.26-09.24.09:580][491]LogModuleManager: Shutting down and abandoning module VulkanShaderFormat (57)
[2016.11.26-09.24.09:580][491]LogModuleManager: Shutting down and abandoning module ShaderFormatOpenGL (56)
[2016.11.26-09.24.09:580][491]LogModuleManager: Shutting down and abandoning module ShaderFormatD3D (55)
[2016.11.26-09.24.09:580][491]LogModuleManager: Shutting down and abandoning module MetalShaderFormat (54)
[2016.11.26-09.24.09:580][491]LogModuleManager: Shutting down and abandoning module TextureFormatUncompressed (53)
[2016.11.26-09.24.09:580][491]LogModuleManager: Shutting down and abandoning module TextureFormatPVR (52)
[2016.11.26-09.24.09:580][491]LogModuleManager: Shutting down and abandoning module TextureFormatIntelISPCTexComp (51)
[2016.11.26-09.24.09:580][491]LogModuleManager: Shutting down and abandoning module TextureFormatDXT (50)
[2016.11.26-09.24.09:580][491]LogModuleManager: Shutting down and abandoning module ImageWrapper (49)
[2016.11.26-09.24.09:580][491]LogModuleManager: Shutting down and abandoning module TextureFormatASTC (48)
[2016.11.26-09.24.09:580][491]LogModuleManager: Shutting down and abandoning module TextureFormatAndroid (47)
[2016.11.26-09.24.09:580][491]LogModuleManager: Shutting down and abandoning module AudioFormatOpus (46)
[2016.11.26-09.24.09:580][491]LogModuleManager: Shutting down and abandoning module AudioFormatOgg (45)
[2016.11.26-09.24.09:580][491]LogModuleManager: Shutting down and abandoning module AudioFormatADPCM (44)
[2016.11.26-09.24.09:580][491]LogModuleManager: Shutting down and abandoning module LinuxTargetPlatform (43)
[2016.11.26-09.24.09:580][491]LogModuleManager: Shutting down and abandoning module LinuxServerTargetPlatform (42)
[2016.11.26-09.24.09:580][491]LogModuleManager: Shutting down and abandoning module LinuxNoEditorTargetPlatform (41)
[2016.11.26-09.24.09:580][491]LogModuleManager: Shutting down and abandoning module TVOSTargetPlatform (40)
[2016.11.26-09.24.09:580][491]LogModuleManager: Shutting down and abandoning module Messaging (39)
[2016.11.26-09.24.09:580][491]LogModuleManager: Shutting down and abandoning module IOSTargetPlatform (38)
[2016.11.26-09.24.09:580][491]LogModuleManager: Shutting down and abandoning module HTML5TargetPlatform (37)
[2016.11.26-09.24.09:580][491]LogModuleManager: Shutting down and abandoning module Android_PVRTCTargetPlatform (36)
[2016.11.26-09.24.09:580][491]LogModuleManager: Shutting down and abandoning module Android_MultiTargetPlatform (35)
[2016.11.26-09.24.09:580][491]LogModuleManager: Shutting down and abandoning module Android_ETC2TargetPlatform (34)
[2016.11.26-09.24.09:580][491]LogModuleManager: Shutting down and abandoning module Android_ETC1TargetPlatform (33)
[2016.11.26-09.24.09:580][491]LogModuleManager: Shutting down and abandoning module Android_DXTTargetPlatform (32)
[2016.11.26-09.24.09:580][491]LogModuleManager: Shutting down and abandoning module Android_ATCTargetPlatform (31)
[2016.11.26-09.24.09:580][491]LogModuleManager: Shutting down and abandoning module Android_ASTCTargetPlatform (30)
[2016.11.26-09.24.09:580][491]LogModuleManager: Shutting down and abandoning module AndroidTargetPlatform (29)
[2016.11.26-09.24.09:580][491]LogModuleManager: Shutting down and abandoning module WindowsTargetPlatform (28)
[2016.11.26-09.24.09:580][491]LogModuleManager: Shutting down and abandoning module WindowsServerTargetPlatform (27)
[2016.11.26-09.24.09:581][491]LogModuleManager: Shutting down and abandoning module WindowsNoEditorTargetPlatform (26)
[2016.11.26-09.24.09:581][491]LogModuleManager: Shutting down and abandoning module WindowsClientTargetPlatform (25)
[2016.11.26-09.24.09:581][491]LogModuleManager: Shutting down and abandoning module AllDesktopTargetPlatform (24)
[2016.11.26-09.24.09:581][491]LogModuleManager: Shutting down and abandoning module TargetPlatform (23)
[2016.11.26-09.24.09:581][491]LogModuleManager: Shutting down and abandoning module InputCore (22)
[2016.11.26-09.24.09:581][491]LogModuleManager: Shutting down and abandoning module Settings (21)
[2016.11.26-09.24.09:581][491]LogModuleManager: Shutting down and abandoning module OnlineSubsystem (19)
[2016.11.26-09.24.09:581][491]LogModuleManager: Shutting down and abandoning module HTTP (18)
[2016.11.26-09.24.12:581][491]LogModuleManager: Shutting down and abandoning module XMPP (17)
[2016.11.26-09.24.12:581][491]LogModuleManager: Shutting down and abandoning module OculusRift (16)
[2016.11.26-09.24.12:581][491]LogModuleManager: Shutting down and abandoning module ExampleDeviceProfileSelector (15)
[2016.11.26-09.24.12:581][491]LogModuleManager: Shutting down and abandoning module TextureCompressor (14)
[2016.11.26-09.24.12:581][491]LogModuleManager: Shutting down and abandoning module ShaderCore (13)
[2016.11.26-09.24.12:581][491]LogModuleManager: Shutting down and abandoning module Landscape (12)
[2016.11.26-09.24.12:581][491]LogModuleManager: Shutting down and abandoning module SlateRHIRenderer (11)
[2016.11.26-09.24.12:582][491]LogModuleManager: Shutting down and abandoning module OpenGLDrv (10)
[2016.11.26-09.24.12:582][491]LogModuleManager: Shutting down and abandoning module D3D11RHI (9)
[2016.11.26-09.24.12:582][491]LogModuleManager: Shutting down and abandoning module AnimGraphRuntime (8)
[2016.11.26-09.24.12:582][491]LogModuleManager: Shutting down and abandoning module Renderer (7)
[2016.11.26-09.24.12:582][491]LogModuleManager: Shutting down and abandoning module Engine (6)
[2016.11.26-09.24.12:582][491]LogModuleManager: Shutting down and abandoning module CoreUObject (5)
[2016.11.26-09.24.12:582][491]LogModuleManager: Shutting down and abandoning module NetworkFile (4)
[2016.11.26-09.24.12:582][491]LogModuleManager: Shutting down and abandoning module StreamingFile (3)
[2016.11.26-09.24.12:582][491]LogModuleManager: Shutting down and abandoning module SandboxFile (2)
[2016.11.26-09.24.12:582][491]LogModuleManager: Shutting down and abandoning module PakFile (1)
[2016.11.26-09.24.12:583][491]LogExit: Exiting.
[2016.11.26-09.24.12:592][491]Log file closed, 11/26/16 20:24:12
